<?xml version="1.0" encoding="UTF-8"?>
<!-- Generated by org.testng.reporters.JUnitXMLReporter -->
<testsuite hostname="NHCLPT520" name="MTC" tests="30" failures="30" timestamp="4 Aug 2021 09:30:37 GMT" time="79.481" errors="0">
  <testcase name="feature" time="0.473" classname="com.dometic.MTC.androidrunner.MTC_runner">
    <failure type="java.lang.NullPointerException">
      <![CDATA[java.lang.NullPointerException
	at com.dometic.MTC.stepdefinition.Hooks.InitializeStep(Hooks.java:155)
	at cucumber.runtime.Utils$1.call(Utils.java:26)
	at cucumber.runtime.Timeout.timeout(Timeout.java:16)
	at cucumber.runtime.Utils.invoke(Utils.java:20)
	at cucumber.runtime.java.JavaHookDefinition.execute(JavaHookDefinition.java:60)
	at cucumber.runner.HookDefinitionMatch.runStep(HookDefinitionMatch.java:16)
	at cucumber.runner.TestStep.executeStep(TestStep.java:63)
	at cucumber.runner.TestStep.run(TestStep.java:49)
	at cucumber.runner.TestCase.run(TestCase.java:40)
	at cucumber.runner.Runner.runPickle(Runner.java:40)
	at cucumber.api.testng.TestNGCucumberRunner.runScenario(TestNGCucumberRunner.java:68)
	at com.dometic.MTC.androidrunner.MTC_runner.feature(MTC_runner.java:45)
	at java.util.concurrent.FutureTask.run(Unknown Source)
	at java.util.concurrent.ThreadPoolExecutor.runWorker(Unknown Source)
	at java.util.concurrent.ThreadPoolExecutor$Worker.run(Unknown Source)
	at java.lang.Thread.run(Unknown Source)
... Removed 20 stack frames]]>
    </failure>
  </testcase> <!-- feature -->
  <testcase name="feature" time="0.011" classname="com.dometic.MTC.androidrunner.MTC_runner">
    <failure type="java.lang.NullPointerException">
      <![CDATA[java.lang.NullPointerException
	at com.dometic.MTC.stepdefinition.Basestepdefinition.tap_on_Allow_button(Basestepdefinition.java:65)
	at ✽.I Tap on Allow button in Permission popup in Login Page(src/test/java/com/dometic/MTC/features/TC02_SplashScreen.feature:5)
]]>
    </failure>
  </testcase> <!-- feature -->
  <testcase name="feature" time="0.06" classname="com.dometic.MTC.androidrunner.MTC_runner">
    <failure type="java.lang.NullPointerException">
      <![CDATA[java.lang.NullPointerException
	at com.dometic.MTC.stepdefinition.Signup.iTapOnSignupLinkInLoginPage(Signup.java:111)
	at ✽.I Tap on signup link in login page(src/test/java/com/dometic/MTC/features/TC03_Signup.feature:5)
]]>
    </failure>
  </testcase> <!-- feature -->
  <testcase name="feature" time="5.019" classname="com.dometic.MTC.androidrunner.MTC_runner">
    <failure type="java.lang.NullPointerException">
      <![CDATA[java.lang.NullPointerException
	at com.dometic.MTC.stepdefinition.Signup.iTapOnSignupLinkInLoginPage(Signup.java:111)
	at ✽.I Tap on signup link in login page(src/test/java/com/dometic/MTC/features/TC03_Signup.feature:101)
]]>
    </failure>
  </testcase> <!-- feature -->
  <testcase name="feature" time="0.011" classname="com.dometic.MTC.androidrunner.MTC_runner">
    <failure type="java.lang.NullPointerException">
      <![CDATA[java.lang.NullPointerException
	at com.dometic.MTC.qa.util.Baseclass.asserttextAccessibility(Baseclass.java:85)
	at com.dometic.MTC.stepdefinition.Forgotpassword.iVerifyForgotYourPasswordTextIsDisplayeddInForgotPasswordPage(Forgotpassword.java:55)
	at ✽.I verify Forgot your password text is displayedd in Forgot password Page(src/test/java/com/dometic/MTC/features/TC04_ForgotPassword.feature:5)
]]>
    </failure>
  </testcase> <!-- feature -->
  <testcase name="feature" time="8.051" classname="com.dometic.MTC.androidrunner.MTC_runner">
    <failure type="java.lang.NullPointerException">
      <![CDATA[java.lang.NullPointerException
	at com.dometic.MTC.qa.util.Baseclass.cleartextaccessabilityId(Baseclass.java:82)
	at com.dometic.MTC.stepdefinition.Forgotpassword.Forgotpassword_enter_invalid_credentials(Forgotpassword.java:40)
	at ✽.I enter Email in Login Page(src/test/java/com/dometic/MTC/features/TC04_ForgotPassword.feature:40)
]]>
    </failure>
  </testcase> <!-- feature -->
  <testcase name="feature" time="0.009" classname="com.dometic.MTC.androidrunner.MTC_runner">
    <failure type="java.lang.NullPointerException">
      <![CDATA[java.lang.NullPointerException
	at com.dometic.MTC.qa.util.Baseclass.asserttextAccessibility(Baseclass.java:85)
	at com.dometic.MTC.stepdefinition.LoginScreen.iVerifyWelcomeTextIsDisplayedInLoginScreen(LoginScreen.java:123)
	at ✽.I verify Welcome! Text is displayed in login screen(src/test/java/com/dometic/MTC/features/TC05_LoginScreen.feature:5)
]]>
    </failure>
  </testcase> <!-- feature -->
  <testcase name="feature" time="2.027" classname="com.dometic.MTC.androidrunner.MTC_runner">
    <failure type="java.lang.NullPointerException">
      <![CDATA[java.lang.NullPointerException
	at com.google.common.base.Preconditions.checkNotNull(Preconditions.java:882)
	at org.openqa.selenium.support.ui.FluentWait.<init>(FluentWait.java:104)
	at org.openqa.selenium.support.ui.WebDriverWait.<init>(WebDriverWait.java:71)
	at org.openqa.selenium.support.ui.WebDriverWait.<init>(WebDriverWait.java:45)
	at com.dometic.MTC.qa.util.Baseclass.cleartext(Baseclass.java:75)
	at com.dometic.MTC.stepdefinition.LoginScreen.iEnterValidEmail(LoginScreen.java:196)
	at ✽.I enter Valid Email(src/test/java/com/dometic/MTC/features/TC06_DashboardScreen.feature:11)
]]>
    </failure>
  </testcase> <!-- feature -->
  <testcase name="feature" time="0.02" classname="com.dometic.MTC.androidrunner.MTC_runner">
    <failure type="java.lang.NullPointerException">
      <![CDATA[java.lang.NullPointerException
	at com.dometic.MTC.stepdefinition.Settings.iVerifyHamburgerMenuInLandingScreen(Settings.java:85)
	at ✽.I verify hamburger menu in landing screen(src/test/java/com/dometic/MTC/features/TC08_SettingsScreen.feature:5)
]]>
    </failure>
  </testcase> <!-- feature -->
  <testcase name="feature" time="0.016" classname="com.dometic.MTC.androidrunner.MTC_runner">
    <failure type="java.lang.NullPointerException">
      <![CDATA[java.lang.NullPointerException
	at com.dometic.MTC.stepdefinition.Settings.iTapOnHomeInSettingsScreen(Settings.java:462)
	at ✽.I Tap on Home in Settings screen(src/test/java/com/dometic/MTC/features/TC08_SettingsScreen.feature:23)
]]>
    </failure>
  </testcase> <!-- feature -->
  <testcase name="feature" time="0.007" classname="com.dometic.MTC.androidrunner.MTC_runner">
    <failure type="java.lang.NullPointerException">
      <![CDATA[java.lang.NullPointerException
	at com.dometic.MTC.stepdefinition.Settings.iTapOnHamburgerMenuInLandingScreen(Settings.java:35)
	at ✽.I Tap on hamburger menu in landing screen(src/test/java/com/dometic/MTC/features/TC08_SettingsScreen.feature:347)
]]>
    </failure>
  </testcase> <!-- feature -->
  <testcase name="feature" time="0.006" classname="com.dometic.MTC.androidrunner.MTC_runner">
    <failure type="java.lang.NullPointerException">
      <![CDATA[java.lang.NullPointerException
	at com.dometic.MTC.stepdefinition.LandingPage.i_Tap_on_Back_Button(LandingPage.java:294)
	at ✽.I Tap on Back Button(src/test/java/com/dometic/MTC/features/TC08_SettingsScreen.feature:361)
]]>
    </failure>
  </testcase> <!-- feature -->
  <testcase name="feature" time="0.011" classname="com.dometic.MTC.androidrunner.MTC_runner">
    <failure type="java.lang.NullPointerException">
      <![CDATA[java.lang.NullPointerException
	at com.dometic.MTC.qa.util.Baseclass.asserttextValidationAccessibility(Baseclass.java:95)
	at com.dometic.MTC.stepdefinition.Settings.iVerifyIfSubscriptionTitleIsDisplayed(Settings.java:1086)
	at ✽.I verify if subscription title is displayed(src/test/java/com/dometic/MTC/features/TC08_SettingsScreen.feature:368)
]]>
    </failure>
  </testcase> <!-- feature -->
  <testcase name="feature" time="5.017" classname="com.dometic.MTC.androidrunner.MTC_runner">
    <failure type="java.lang.NullPointerException">
      <![CDATA[java.lang.NullPointerException
	at com.dometic.MTC.stepdefinition.Settings.iTapOnHamburgerMenuInLandingScreen(Settings.java:35)
	at ✽.I Tap on hamburger menu in landing screen(src/test/java/com/dometic/MTC/features/TC08_SettingsScreen.feature:377)
]]>
    </failure>
  </testcase> <!-- feature -->
  <testcase name="feature" time="2.019" classname="com.dometic.MTC.androidrunner.MTC_runner">
    <failure type="java.lang.NullPointerException">
      <![CDATA[java.lang.NullPointerException
	at com.dometic.MTC.qa.util.Baseclass.asserttextValidationAccessibility(Baseclass.java:95)
	at com.dometic.MTC.stepdefinition.Settings.iVerifyTheDeviceManagementTitleText(Settings.java:1593)
	at ✽.I verify the device management title text(src/test/java/com/dometic/MTC/features/TC08_SettingsScreen.feature:397)
]]>
    </failure>
  </testcase> <!-- feature -->
  <testcase name="feature" time="7.017" classname="com.dometic.MTC.androidrunner.MTC_runner">
    <failure type="java.lang.NullPointerException">
      <![CDATA[java.lang.NullPointerException
	at com.dometic.MTC.qa.util.Baseclass.asserttextValidationAccessibility(Baseclass.java:95)
	at com.dometic.MTC.stepdefinition.Settings.iVerifyTheVesselNameLableText(Settings.java:1659)
	at ✽.I verify the vessel name label text(src/test/java/com/dometic/MTC/features/TC08_SettingsScreen.feature:413)
]]>
    </failure>
  </testcase> <!-- feature -->
  <testcase name="feature" time="0.014" classname="com.dometic.MTC.androidrunner.MTC_runner">
    <failure type="java.lang.NullPointerException">
      <![CDATA[java.lang.NullPointerException
	at com.dometic.MTC.stepdefinition.Settings.iTapOnBackButtonInDeviceManagementScreen(Settings.java:2230)
	at ✽.I Tap on back button in Device Management screen(src/test/java/com/dometic/MTC/features/TC08_SettingsScreen.feature:505)
]]>
    </failure>
  </testcase> <!-- feature -->
  <testcase name="feature" time="0.013" classname="com.dometic.MTC.androidrunner.MTC_runner">
    <failure type="java.lang.NullPointerException">
      <![CDATA[java.lang.NullPointerException
	at com.dometic.MTC.stepdefinition.Settings.iTapOnEditProfileInProfileScreen(Settings.java:615)
	at ✽.I Tap on Edit profile in profile screen(src/test/java/com/dometic/MTC/features/TC08_SettingsScreen.feature:532)
]]>
    </failure>
  </testcase> <!-- feature -->
  <testcase name="feature" time="0.019" classname="com.dometic.MTC.androidrunner.MTC_runner">
    <failure type="java.lang.NullPointerException">
      <![CDATA[java.lang.NullPointerException
	at com.dometic.MTC.stepdefinition.Settings.iTapOnBackButtonInEditProfileScreen(Settings.java:2330)
	at ✽.I Tap on back button in Edit Profile Screen(src/test/java/com/dometic/MTC/features/TC08_SettingsScreen.feature:621)
]]>
    </failure>
  </testcase> <!-- feature -->
  <testcase name="feature" time="7.024" classname="com.dometic.MTC.androidrunner.MTC_runner">
    <failure type="java.lang.NullPointerException">
      <![CDATA[java.lang.NullPointerException
	at com.dometic.MTC.qa.util.Baseclass.asserttextValidationAccessibility(Baseclass.java:95)
	at com.dometic.MTC.stepdefinition.Batteries.iVerifyBatteriesHeaderText(Batteries.java:34)
	at ✽.I verify Batteries header text(src/test/java/com/dometic/MTC/features/TC17_BatteriesScreenMTC.feature:7)
]]>
    </failure>
  </testcase> <!-- feature -->
  <testcase name="feature" time="7.048" classname="com.dometic.MTC.androidrunner.MTC_runner">
    <failure type="java.lang.NullPointerException">
      <![CDATA[java.lang.NullPointerException
	at io.appium.java_client.TouchAction.perform(TouchAction.java:416)
	at com.dometic.MTC.stepdefinition.BilgePump.iScrollTheScreenTillTheNdInstance(BilgePump.java:547)
	at ✽.I Scroll the screen till the 2nd instance(src/test/java/com/dometic/MTC/features/TC17_BatteriesScreenMTC.feature:256)
]]>
    </failure>
  </testcase> <!-- feature -->
  <testcase name="feature" time="7.036" classname="com.dometic.MTC.androidrunner.MTC_runner">
    <failure type="java.lang.NullPointerException">
      <![CDATA[java.lang.NullPointerException
	at io.appium.java_client.TouchAction.perform(TouchAction.java:416)
	at com.dometic.MTC.stepdefinition.BilgePump.iScrollTheScreenTillTheRdInstance(BilgePump.java:560)
	at ✽.I Scroll the screen till the 3rd instance(src/test/java/com/dometic/MTC/features/TC17_BatteriesScreenMTC.feature:512)
]]>
    </failure>
  </testcase> <!-- feature -->
  <testcase name="feature" time="2.062" classname="com.dometic.MTC.androidrunner.MTC_runner">
    <failure type="java.lang.NullPointerException">
      <![CDATA[java.lang.NullPointerException
	at com.dometic.MTC.qa.util.Baseclass.asserttextValidationAccessibility(Baseclass.java:95)
	at com.dometic.MTC.stepdefinition.BilgePump.iVerifyBilgePumpHeaderText(BilgePump.java:33)
	at ✽.I verify Bilge Pump header text(src/test/java/com/dometic/MTC/features/TC18_BilgePumpScreenMTC.feature:6)
]]>
    </failure>
  </testcase> <!-- feature -->
  <testcase name="feature" time="2.021" classname="com.dometic.MTC.androidrunner.MTC_runner">
    <failure type="java.lang.NullPointerException">
      <![CDATA[java.lang.NullPointerException
	at io.appium.java_client.TouchAction.perform(TouchAction.java:416)
	at com.dometic.MTC.stepdefinition.BilgePump.iScrollTheScreenTillTheNdInstance(BilgePump.java:547)
	at ✽.I Scroll the screen till the 2nd instance(src/test/java/com/dometic/MTC/features/TC18_BilgePumpScreenMTC.feature:379)
]]>
    </failure>
  </testcase> <!-- feature -->
  <testcase name="feature" time="2.02" classname="com.dometic.MTC.androidrunner.MTC_runner">
    <failure type="java.lang.NullPointerException">
      <![CDATA[java.lang.NullPointerException
	at io.appium.java_client.TouchAction.perform(TouchAction.java:416)
	at com.dometic.MTC.stepdefinition.BilgePump.iScrollTheScreenTillTheRdInstance(BilgePump.java:560)
	at ✽.I Scroll the screen till the 3rd instance(src/test/java/com/dometic/MTC/features/TC18_BilgePumpScreenMTC.feature:754)
]]>
    </failure>
  </testcase> <!-- feature -->
  <testcase name="feature" time="2.024" classname="com.dometic.MTC.androidrunner.MTC_runner">
    <failure type="java.lang.NullPointerException">
      <![CDATA[java.lang.NullPointerException
	at com.dometic.MTC.qa.util.Baseclass.asserttextValidationAccessibility(Baseclass.java:95)
	at com.dometic.MTC.stepdefinition.TankMTC.iVerifyTankHeaderText(TankMTC.java:175)
	at ✽.I verify Tank header text(src/test/java/com/dometic/MTC/features/TC19_TankScreenMTC.feature:6)
]]>
    </failure>
  </testcase> <!-- feature -->
  <testcase name="feature" time="2.006" classname="com.dometic.MTC.androidrunner.MTC_runner">
    <failure type="java.lang.NullPointerException">
      <![CDATA[java.lang.NullPointerException
	at com.dometic.MTC.stepdefinition.TankMTC.iScrollTheScreenTillGreyWater(TankMTC.java:496)
	at ✽.I Scroll the screen till grey water(src/test/java/com/dometic/MTC/features/TC19_TankScreenMTC.feature:259)
]]>
    </failure>
  </testcase> <!-- feature -->
  <testcase name="feature" time="2.016" classname="com.dometic.MTC.androidrunner.MTC_runner">
    <failure type="java.lang.NullPointerException">
      <![CDATA[java.lang.NullPointerException
	at com.dometic.MTC.stepdefinition.TankMTC.iScrollTheScreenTillBlackWater(TankMTC.java:521)
	at ✽.I Scroll the screen till Black Water(src/test/java/com/dometic/MTC/features/TC19_TankScreenMTC.feature:516)
]]>
    </failure>
  </testcase> <!-- feature -->
  <testcase name="feature" time="8.03" classname="com.dometic.MTC.androidrunner.MTC_runner">
    <failure type="java.lang.NullPointerException">
      <![CDATA[java.lang.NullPointerException
	at com.dometic.MTC.qa.util.Baseclass.asserttextValidationAccessibility(Baseclass.java:95)
	at com.dometic.MTC.stepdefinition.Security.iVerifySecurityHeaderTextIsDisplayed(Security.java:33)
	at ✽.I verify Security Header text is displayed(src/test/java/com/dometic/MTC/features/TC27_SecurityScreenMTC.feature:7)
]]>
    </failure>
  </testcase> <!-- feature -->
  <testcase name="feature" time="7.031" classname="com.dometic.MTC.androidrunner.MTC_runner">
    <failure type="java.lang.NullPointerException">
      <![CDATA[java.lang.NullPointerException
	at com.dometic.MTC.qa.util.Baseclass.asserttextValidationAccessibility(Baseclass.java:95)
	at com.dometic.MTC.stepdefinition.TrackingMTC.iVerifyTrackingHeaderTitle(TrackingMTC.java:36)
	at ✽.I Verify Tracking Header title(src/test/java/com/dometic/MTC/features/TC28_Tracking_GioFencingScreenMTC.feature:7)
]]>
    </failure>
  </testcase> <!-- feature -->
</testsuite> <!-- MTC -->
